<?xml version="1.0" encoding="UTF-8"?>
<!-- Generated by org.testng.reporters.JUnitXMLReporter -->
<testsuite ignored="3" hostname="DESKTOP-809396K" failures="1" tests="1" name="coyni_mobile.tests.SignUpTest.testSignUp" time="90.533" errors="0" timestamp="2021-12-14T23:35:18 IST">
  <testcase classname="coyni_mobile.tests.SignUpTest" name="testSignUp" time="89.609">
    <failure type="java.lang.AssertionError" message="null">
      <![CDATA[java.lang.AssertionError: null
at ilabs.mobile.reporting.ExtentTestManager.setFailMessageInReport(ExtentTestManager.java:72)
at ilabs.MobileFramework.MobileFunctions.click(MobileFunctions.java:91)
at coyni_mobile.pages.SignUpPage.clickBackArrow(SignUpPage.java:98)
at coyni_mobile.tests.SignUpTest.testSignUp(SignUpTest.java:48)
at java.base/java.util.ArrayList.forEach(ArrayList.java:1511)
at ilabs.MobileFramework.TestReader.run(TestReader.java:55)
at ilabs.MobileFramework.Runner.runOneIteration(Runner.java:149)
at ilabs.MobileFramework.Runner.runRangeOfIterations(Runner.java:113)
at ilabs.MobileFramework.Runner.run(Runner.java:64)
at coyni_mobile.runner.TestRunner.main(TestRunner.java:9)
... Removed 26 stack frames]]>
    </failure>
  </testcase> <!-- testSignUp -->
  <testcase classname="coyni_mobile.tests.SignUpTest" name="testCreateAccountInvalidData" time="0.0">
    <ignored/>
  </testcase> <!-- testCreateAccountInvalidData -->
  <testcase classname="coyni_mobile.tests.SignUpTest" name="testFieldValidationCreateAccount" time="0.0">
    <ignored/>
  </testcase> <!-- testFieldValidationCreateAccount -->
  <testcase classname="coyni_mobile.tests.SignUpTest" name="testSignUpWithInvalidData" time="0.0">
    <ignored/>
  </testcase> <!-- testSignUpWithInvalidData -->
</testsuite> <!-- coyni_mobile.tests.SignUpTest.testSignUp -->
