<?xml version="1.0" encoding="UTF-8"?>
<testng-results ignored="3" total="4" passed="0" failed="1" skipped="0">
  <reporter-output>
  </reporter-output>
  <suite started-at="2021-12-15T00:42:45 IST" name="Verify field validation in create account" finished-at="2021-12-15T00:43:20 IST" duration-ms="34814">
    <groups>
    </groups>
    <test started-at="2021-12-15T00:42:45 IST" name="coyni_mobile.tests.SignUpTest.testFieldValidationCreateAccount" finished-at="2021-12-15T00:43:20 IST" duration-ms="34814">
      <class name="coyni_mobile.tests.SignUpTest">
        <test-method is-config="true" signature="init()[pri:0, instance:coyni_mobile.tests.SignUpTest@31024624]" started-at="2021-12-15T00:42:45 IST" name="init" finished-at="2021-12-15T00:42:45 IST" duration-ms="27" status="PASS">
          <reporter-output>
          </reporter-output>
        </test-method> <!-- init -->
        <test-method signature="testFieldValidationCreateAccount(java.lang.String)[pri:0, instance:coyni_mobile.tests.SignUpTest@31024624]" started-at="2021-12-15T00:42:45 IST" name="testFieldValidationCreateAccount" finished-at="2021-12-15T00:43:19 IST" duration-ms="33700" status="FAIL">
          <params>
            <param index="0">
              <value>
                <![CDATA[-pfirstName,
-plastName,
-pemail,
-pphoneNumber]]>
              </value>
            </param>
          </params>
          <exception class="java.lang.AssertionError">
            <message>
              <![CDATA[null]]>
            </message>
            <full-stacktrace>
              <![CDATA[java.lang.AssertionError: null
at org.testng.Assert.fail(Assert.java:99)
at org.testng.Assert.fail(Assert.java:106)
at ilabs.mobile.reporting.ExtentTestManager.setFailMessageInReport(ExtentTestManager.java:72)
at coyni_mobile.utilities.CommonFunctions.validateField(CommonFunctions.java:77)
at coyni_mobile.pages.SignUpPage.validatePhoneNumber(SignUpPage.java:157)
at coyni_mobile.tests.SignUpTest.testFieldValidationCreateAccount(SignUpTest.java:128)
at java.base/jdk.internal.reflect.NativeMethodAccessorImpl.invoke0(Native Method)
at java.base/jdk.internal.reflect.NativeMethodAccessorImpl.invoke(NativeMethodAccessorImpl.java:78)
at java.base/jdk.internal.reflect.DelegatingMethodAccessorImpl.invoke(DelegatingMethodAccessorImpl.java:43)
at java.base/java.lang.reflect.Method.invoke(Method.java:567)
at org.testng.internal.MethodInvocationHelper.invokeMethod(MethodInvocationHelper.java:133)
at org.testng.internal.TestInvoker.invokeMethod(TestInvoker.java:598)
at org.testng.internal.TestInvoker.invokeTestMethod(TestInvoker.java:173)
at org.testng.internal.MethodRunner.runInSequence(MethodRunner.java:46)
at org.testng.internal.TestInvoker$MethodInvocationAgent.invoke(TestInvoker.java:824)
at org.testng.internal.TestInvoker.invokeTestMethods(TestInvoker.java:146)
at org.testng.internal.TestMethodWorker.invokeTestMethods(TestMethodWorker.java:146)
at org.testng.internal.TestMethodWorker.run(TestMethodWorker.java:128)
at java.base/java.util.ArrayList.forEach(ArrayList.java:1511)
at org.testng.TestRunner.privateRun(TestRunner.java:794)
at org.testng.TestRunner.run(TestRunner.java:596)
at org.testng.SuiteRunner.runTest(SuiteRunner.java:377)
at org.testng.SuiteRunner.runSequentially(SuiteRunner.java:371)
at org.testng.SuiteRunner.privateRun(SuiteRunner.java:332)
at org.testng.SuiteRunner.run(SuiteRunner.java:276)
at org.testng.SuiteRunnerWorker.runSuite(SuiteRunnerWorker.java:53)
at org.testng.SuiteRunnerWorker.run(SuiteRunnerWorker.java:96)
at org.testng.TestNG.runSuitesSequentially(TestNG.java:1212)
at org.testng.TestNG.runSuitesLocally(TestNG.java:1134)
at org.testng.TestNG.runSuites(TestNG.java:1063)
at org.testng.TestNG.run(TestNG.java:1031)
at ilabs.MobileFramework.TestReader.run(TestReader.java:55)
at ilabs.MobileFramework.Runner.runOneIteration(Runner.java:149)
at ilabs.MobileFramework.Runner.runRangeOfIterations(Runner.java:113)
at ilabs.MobileFramework.Runner.run(Runner.java:64)
at coyni_mobile.runner.TestRunner.main(TestRunner.java:9)
]]>
            </full-stacktrace>
          </exception> <!-- java.lang.AssertionError -->
          <reporter-output>
          </reporter-output>
        </test-method> <!-- testFieldValidationCreateAccount -->
      </class> <!-- coyni_mobile.tests.SignUpTest -->
    </test> <!-- coyni_mobile.tests.SignUpTest.testFieldValidationCreateAccount -->
  </suite> <!-- Verify field validation in create account -->
</testng-results>
