<?xml version="1.0" encoding="UTF-8"?>
<!-- Generated by org.testng.reporters.JUnitXMLReporter -->
<testsuite ignored="25" hostname="DESKTOP-809396K" failures="1" tests="1" name="coyni_mobile.tests.CustomerProfileTest.testEditAddressWithInvalidData" time="75.091" errors="0" timestamp="2022-01-22T18:02:24 IST">
  <testcase classname="coyni_mobile.tests.CustomerProfileTest" name="testEditAddressWithInvalidData" time="74.288">
    <failure type="java.lang.AssertionError" message="null">
      <![CDATA[java.lang.AssertionError: null
at ilabs.mobile.reporting.ExtentTestManager.setFailMessageInReport(ExtentTestManager.java:76)
at ilabs.MobileFramework.MobileFunctions.getElement(MobileFunctions.java:99)
at ilabs.MobileFramework.MobileFunctions.enterText(MobileFunctions.java:111)
at coyni_mobile.components.MailingAddressComponent.fillAddressLine1(MailingAddressComponent.java:24)
at coyni_mobile.tests.CustomerProfileTest.testEditAddressWithInvalidData(CustomerProfileTest.java:408)
at java.base/java.util.ArrayList.forEach(ArrayList.java:1511)
at ilabs.MobileFramework.TestReader.run(TestReader.java:53)
at ilabs.MobileFramework.Runner.runOneIteration(Runner.java:149)
at ilabs.MobileFramework.Runner.runRangeOfIterations(Runner.java:117)
at ilabs.MobileFramework.Runner.run(Runner.java:64)
at coyni_mobile.runner.TestRunner.main(TestRunner.java:9)
... Removed 26 stack frames]]>
    </failure>
  </testcase> <!-- testEditAddressWithInvalidData -->
  <testcase classname="coyni_mobile.tests.CustomerProfileTest" name="testAddCard" time="0.0">
    <ignored/>
  </testcase> <!-- testAddCard -->
  <testcase classname="coyni_mobile.tests.CustomerProfileTest" name="testChangePassword" time="0.0">
    <ignored/>
  </testcase> <!-- testChangePassword -->
  <testcase classname="coyni_mobile.tests.CustomerProfileTest" name="testEditEmail" time="0.0">
    <ignored/>
  </testcase> <!-- testEditEmail -->
  <testcase classname="coyni_mobile.tests.CustomerProfileTest" name="testCrossIcon" time="0.0">
    <ignored/>
  </testcase> <!-- testCrossIcon -->
  <testcase classname="coyni_mobile.tests.CustomerProfileTest" name="testCopyTextAndShare" time="0.0">
    <ignored/>
  </testcase> <!-- testCopyTextAndShare -->
  <testcase classname="coyni_mobile.tests.CustomerProfileTest" name="testDashboard" time="0.0">
    <ignored/>
  </testcase> <!-- testDashboard -->
  <testcase classname="coyni_mobile.tests.CustomerProfileTest" name="testAgreements" time="0.0">
    <ignored/>
  </testcase> <!-- testAgreements -->
  <testcase classname="coyni_mobile.tests.CustomerProfileTest" name="testResetPinCode" time="0.0">
    <ignored/>
  </testcase> <!-- testResetPinCode -->
  <testcase classname="coyni_mobile.tests.CustomerProfileTest" name="testEditAddress" time="0.0">
    <ignored/>
  </testcase> <!-- testEditAddress -->
  <testcase classname="coyni_mobile.tests.CustomerProfileTest" name="testEditAddressView" time="0.0">
    <ignored/>
  </testcase> <!-- testEditAddressView -->
  <testcase classname="coyni_mobile.tests.CustomerProfileTest" name="testLogOut" time="0.0">
    <ignored/>
  </testcase> <!-- testLogOut -->
  <testcase classname="coyni_mobile.tests.CustomerProfileTest" name="testAccountLimits" time="0.0">
    <ignored/>
  </testcase> <!-- testAccountLimits -->
  <testcase classname="coyni_mobile.tests.CustomerProfileTest" name="testChangePasswordWithNavigationOptions" time="0.0">
    <ignored/>
  </testcase> <!-- testChangePasswordWithNavigationOptions -->
  <testcase classname="coyni_mobile.tests.CustomerProfileTest" name="testChangePasswordWithInvalidCurrentPassword" time="0.0">
    <ignored/>
  </testcase> <!-- testChangePasswordWithInvalidCurrentPassword -->
  <testcase classname="coyni_mobile.tests.CustomerProfileTest" name="testCustomerProfileView" time="0.0">
    <ignored/>
  </testcase> <!-- testCustomerProfileView -->
  <testcase classname="coyni_mobile.tests.CustomerProfileTest" name="testEditEmailView" time="0.0">
    <ignored/>
  </testcase> <!-- testEditEmailView -->
  <testcase classname="coyni_mobile.tests.CustomerProfileTest" name="testEditEmailWithInvalidData" time="0.0">
    <ignored/>
  </testcase> <!-- testEditEmailWithInvalidData -->
  <testcase classname="coyni_mobile.tests.CustomerProfileTest" name="testEditPhoneNumberView" time="0.0">
    <ignored/>
  </testcase> <!-- testEditPhoneNumberView -->
  <testcase classname="coyni_mobile.tests.CustomerProfileTest" name="testClickCustomerProfile" time="0.0">
    <ignored/>
  </testcase> <!-- testClickCustomerProfile -->
  <testcase classname="coyni_mobile.tests.CustomerProfileTest" name="testProfileView" time="0.0">
    <ignored/>
  </testcase> <!-- testProfileView -->
  <testcase classname="coyni_mobile.tests.CustomerProfileTest" name="testAddExternalBankAccount" time="0.0">
    <ignored/>
  </testcase> <!-- testAddExternalBankAccount -->
  <testcase classname="coyni_mobile.tests.CustomerProfileTest" name="testEditImageView" time="0.0">
    <ignored/>
  </testcase> <!-- testEditImageView -->
  <testcase classname="coyni_mobile.tests.CustomerProfileTest" name="testEditPhoneNumber" time="0.0">
    <ignored/>
  </testcase> <!-- testEditPhoneNumber -->
  <testcase classname="coyni_mobile.tests.CustomerProfileTest" name="testResetPinCodeViewFlow" time="0.0">
    <ignored/>
  </testcase> <!-- testResetPinCodeViewFlow -->
  <testcase classname="coyni_mobile.tests.CustomerProfileTest" name="testUserDetailsView" time="0.0">
    <ignored/>
  </testcase> <!-- testUserDetailsView -->
</testsuite> <!-- coyni_mobile.tests.CustomerProfileTest.testEditAddressWithInvalidData -->
